[2025-10-08 06:56:47] === CRON JOB STARTED ===
[2025-10-08 12:26:48] Configuration loaded successfully
[2025-10-08 12:26:48] Found 1 workshops with pending emails
[2025-10-08 12:26:48] Processing workshop: Handling Aggression in Children (ID: 197) with 670 pending emails
[2025-10-08 12:26:48] Sending 50 emails for workshop: Handling Aggression in Children
[2025-10-08 12:26:54] ✓ Sent email to: mithileshkemre@gmail.com for workshop: Handling Aggression in Children
[2025-10-08 12:27:00] ✓ Sent email to: mnindraz@gmail.com for workshop: Handling Aggression in Children
[2025-10-08 12:27:06] ✓ Sent email to: yogeshwarkanhere48@gmail.com for workshop: Handling Aggression in Children
[2025-10-08 12:27:13] ✓ Sent email to: viceprincipal@dsr.edu.in for workshop: Handling Aggression in Children
[2025-10-08 12:27:20] ✓ Sent email to: hm@dsr.edu.in for workshop: Handling Aggression in Children
[2025-10-08 12:27:26] ✓ Sent email to: shm@dsr.edu.in for workshop: Handling Aggression in Children
[2025-10-08 12:27:32] ✓ Sent email to: caiehead@dsr.edu.in for workshop: Handling Aggression in Children
[2025-10-08 12:27:39] ✓ Sent email to: principal@dsr.edu.in for workshop: Handling Aggression in Children
[2025-10-08 12:27:47] ✓ Sent email to: sports.coordinator@dsr.edu.in for workshop: Handling Aggression in Children
[2025-10-08 12:27:54] ✓ Sent email to: mailtosangeetasingh14@gmail.com for workshop: Handling Aggression in Children
[2025-10-08 12:28:00] ✓ Sent email to: mrinalinisrivastava@bhagwanpur.sunbeamschools.com for workshop: Handling Aggression in Children
[2025-10-08 12:28:06] ✓ Sent email to: 1990durgeshwri@gmail.com for workshop: Handling Aggression in Children
[2025-10-08 12:28:12] ✓ Sent email to: gdbpanchali@gmail.com for workshop: Handling Aggression in Children
[2025-10-08 12:28:17] ✓ Sent email to: nandasunita83@gmail.com for workshop: Handling Aggression in Children
[2025-10-08 12:28:23] ✓ Sent email to: alok.sunbeamvaruna@gmail.com for workshop: Handling Aggression in Children
[2025-10-08 12:28:30] ✓ Sent email to: nts@theoasisdoon.org for workshop: Handling Aggression in Children
[2025-10-08 12:28:35] ✓ Sent email to: neha.sharma1082@gmail.com for workshop: Handling Aggression in Children
[2025-10-08 12:28:41] ✓ Sent email to: beautydas231@gmail.com for workshop: Handling Aggression in Children
[2025-10-08 12:28:47] ✓ Sent email to: sandeepdadwal098@gmail.com for workshop: Handling Aggression in Children
[2025-10-08 12:28:53] ✓ Sent email to: george.manu20@gmail.com for workshop: Handling Aggression in Children
[2025-10-08 12:28:59] ✓ Sent email to: sonimam1979@gmail.com for workshop: Handling Aggression in Children
[2025-10-08 12:29:04] ✓ Sent email to: anuagrawal93020@gmail.com for workshop: Handling Aggression in Children
[2025-10-08 12:29:12] ✓ Sent email to: deepakbobde27@gmail.com for workshop: Handling Aggression in Children
[2025-10-08 12:29:17] ✓ Sent email to: bdeepikapatel@gmail.com for workshop: Handling Aggression in Children
[2025-10-08 12:29:23] ✓ Sent email to: dhananjaysinghr80@gmail.com for workshop: Handling Aggression in Children
[2025-10-08 12:29:28] ✓ Sent email to: aayatkhan6248@gmail.com for workshop: Handling Aggression in Children
[2025-10-08 12:29:34] ✓ Sent email to: shaikhishrat2023@gmail.com for workshop: Handling Aggression in Children
[2025-10-08 12:29:40] ✓ Sent email to: jyoti00857@gmail.com for workshop: Handling Aggression in Children
[2025-10-08 12:29:47] ✓ Sent email to: js95205@gmail.com for workshop: Handling Aggression in Children
[2025-10-08 12:29:54] ✓ Sent email to: karishmatatwal2002@gmail.com for workshop: Handling Aggression in Children
[2025-10-08 12:30:01] ✓ Sent email to: arikawadia0810@gmail.com for workshop: Handling Aggression in Children
[2025-10-08 12:30:08] ✓ Sent email to: namitanema@gmail.com for workshop: Handling Aggression in Children
[2025-10-08 12:30:13] ✓ Sent email to: neetutomar0220@gmail.com for workshop: Handling Aggression in Children
[2025-10-08 12:30:19] ✓ Sent email to: jainnehakishor@gmail.com for workshop: Handling Aggression in Children
[2025-10-08 12:30:25] ✓ Sent email to: pb6635943@gmail.com for workshop: Handling Aggression in Children
[2025-10-08 12:30:30] ✓ Sent email to: pankajrathore192@gmail.com for workshop: Handling Aggression in Children
[2025-10-08 12:30:36] ✓ Sent email to: varsha.dighe777@gmail.com for workshop: Handling Aggression in Children
[2025-10-08 12:30:44] ✓ Sent email to: sisodiyashubham406@gmail.com for workshop: Handling Aggression in Children
[2025-10-08 12:30:49] ✓ Sent email to: shwetapriyadarshi21@gmail.com for workshop: Handling Aggression in Children
[2025-10-08 12:30:55] ✓ Sent email to: ssbais28@gmail.com for workshop: Handling Aggression in Children
[2025-10-08 12:31:01] ✓ Sent email to: sushmajain0508@gmail.com for workshop: Handling Aggression in Children
[2025-10-08 12:31:08] ✓ Sent email to: triptidave29@gmail.com for workshop: Handling Aggression in Children
[2025-10-08 12:31:14] ✓ Sent email to: director.principal@ariseinternational.in for workshop: Handling Aggression in Children
[2025-10-08 12:31:20] ✓ Sent email to: aisbh.183@ariseinternational.in for workshop: Handling Aggression in Children
[2025-10-08 12:31:26] ✓ Sent email to: academichead.bh@ariseinternational.in for workshop: Handling Aggression in Children
[2025-10-08 12:31:34] ✓ Sent email to: aisbh.172@ariseinternational.in for workshop: Handling Aggression in Children
[2025-10-08 12:31:39] ✓ Sent email to: aisbh.95@ariseinternational.in for workshop: Handling Aggression in Children
[2025-10-08 12:31:45] ✓ Sent email to: aisbh.98@ariseinternational.in for workshop: Handling Aggression in Children
[2025-10-08 07:09:33] === CRON JOB STARTED ===
[2025-10-08 12:39:33] Configuration loaded successfully
[2025-10-08 12:39:33] Found 1 workshops with pending emails
[2025-10-08 12:39:33] Processing workshop: Handling Aggression in Children (ID: 197) with 548 pending emails
[2025-10-08 12:39:33] Sending 200 emails for workshop: Handling Aggression in Children
[2025-10-08 12:39:38] ✓ Sent email to: aiscidco.0007@ariseinternational.in for workshop: Handling Aggression in Children - Database committed
[2025-10-08 12:39:44] ✓ Sent email to: priyankabansod1007@gmail.com for workshop: Handling Aggression in Children - Database committed
[2025-10-08 12:39:50] ✓ Sent email to: aiscidco.0008@ariseinternational.in for workshop: Handling Aggression in Children - Database committed
[2025-10-08 12:39:55] ✓ Sent email to: haridasshwetali@gmail.com for workshop: Handling Aggression in Children - Database committed
[2025-10-08 12:40:00] ✓ Sent email to: cod1cidco@ariseinternational.in for workshop: Handling Aggression in Children - Database committed
[2025-10-08 12:40:06] ✓ Sent email to: yogitabhutada2k@gmail.com for workshop: Handling Aggression in Children - Database committed
[2025-10-08 12:40:11] ✓ Sent email to: horrorfighter123@gmail.com for workshop: Handling Aggression in Children - Database committed
[2025-10-08 12:40:16] ✓ Sent email to: arvindkamble956@gmail.com for workshop: Handling Aggression in Children - Database committed
[2025-10-08 12:40:22] ✓ Sent email to: principal.svns@ariseinternational.in for workshop: Handling Aggression in Children - Database committed
[2025-10-08 12:40:27] ✓ Sent email to: awateswapnil61@gmail.com for workshop: Handling Aggression in Children - Database committed
[2025-10-08 12:40:40] ✓ Sent email to: somnathkusalkar92@gmail.com for workshop: Handling Aggression in Children - Database committed
[2025-10-08 12:40:52] ✓ Sent email to: Dyraney@rediffmail.com for workshop: Handling Aggression in Children - Database committed
[2025-10-08 12:41:03] ✓ Sent email to: konadejyoti1989@gmail.com for workshop: Handling Aggression in Children - Database committed
[2025-10-08 12:41:15] ✓ Sent email to: meenakshijadhav@gmail.com for workshop: Handling Aggression in Children - Database committed
[2025-10-08 12:41:26] ✓ Sent email to: prachiakharde@gmail.com for workshop: Handling Aggression in Children - Database committed
[2025-10-08 07:11:32] === CRON JOB STARTED ===
[2025-10-08 12:41:32] Configuration loaded successfully
[2025-10-08 12:41:32] Found 1 workshops with pending emails
[2025-10-08 12:41:32] Processing workshop: Handling Aggression in Children (ID: 197) with 533 pending emails
[2025-10-08 12:41:32] Sending 200 emails for workshop: Handling Aggression in Children
[2025-10-08 12:41:38] ✓ Sent email to: ptatte1984@gmail.com for workshop: Handling Aggression in Children - Database committed
[2025-10-08 12:41:44] ✓ Sent email to: ptatte1984@gmail.com for workshop: Handling Aggression in Children - Database committed
[2025-10-08 12:41:50] ✓ Sent email to: pritampalav6@gmail.com for workshop: Handling Aggression in Children - Database committed
[2025-10-08 12:41:56] ✓ Sent email to: pritampalav6@gmail.com for workshop: Handling Aggression in Children - Database committed
[2025-10-08 12:42:01] ✓ Sent email to: shailasbhujbal@gmail.com for workshop: Handling Aggression in Children - Database committed
[2025-10-08 12:42:07] ✓ Sent email to: shailasbhujbal@gmail.com for workshop: Handling Aggression in Children - Database committed
[2025-10-08 12:42:13] ✓ Sent email to: shwetasinghkshatriya@gmail.com for workshop: Handling Aggression in Children - Database committed
[2025-10-08 12:42:19] ✓ Sent email to: shwetasinghkshatriya@gmail.com for workshop: Handling Aggression in Children - Database committed
[2025-10-08 12:42:25] ✓ Sent email to: sonisaravade@gmail.com for workshop: Handling Aggression in Children - Database committed
[2025-10-08 12:42:31] ✓ Sent email to: sonisaravade@gmail.com for workshop: Handling Aggression in Children - Database committed
[2025-10-08 12:42:36] ✓ Sent email to: jadhavsujata0127@gmail.com for workshop: Handling Aggression in Children - Database committed
[2025-10-08 12:42:44] ✓ Sent email to: jadhavsujata0127@gmail.com for workshop: Handling Aggression in Children - Database committed
[2025-10-08 12:42:49] ✓ Sent email to: dhanashri.hambir@gmail.com for workshop: Handling Aggression in Children - Database committed
[2025-10-08 12:42:55] ✓ Sent email to: dhanashri.hambir@gmail.com for workshop: Handling Aggression in Children - Database committed
[2025-10-08 12:43:00] ✓ Sent email to: justcalleasy@gmail.com for workshop: Handling Aggression in Children - Database committed
[2025-10-08 12:43:07] ✓ Sent email to: justcalleasy@gmail.com for workshop: Handling Aggression in Children - Database committed
[2025-10-08 12:43:11] ✓ Sent email to: shwetakharjul11@gmail.com for workshop: Handling Aggression in Children - Database committed
[2025-10-08 12:43:18] ✓ Sent email to: shwetakharjul11@gmail.com for workshop: Handling Aggression in Children - Database committed
[2025-10-08 12:43:23] ✓ Sent email to: sonalisjagtap88@gmail.com for workshop: Handling Aggression in Children - Database committed
[2025-10-08 12:43:30] ✓ Sent email to: sonalisjagtap88@gmail.com for workshop: Handling Aggression in Children - Database committed
[2025-10-08 12:43:34] ✓ Sent email to: vaishalipgaikwad2812@gmail.com for workshop: Handling Aggression in Children - Database committed
[2025-10-08 12:43:41] ✓ Sent email to: vaishalipgaikwad2812@gmail.com for workshop: Handling Aggression in Children - Database committed
[2025-10-08 12:43:45] ✓ Sent email to: ruchitapatil997@gmail.com for workshop: Handling Aggression in Children - Database committed
[2025-10-08 12:43:53] ✓ Sent email to: ruchitapatil997@gmail.com for workshop: Handling Aggression in Children - Database committed
[2025-10-08 12:43:56] ✓ Sent email to: aartijiware2000@gmail.com for workshop: Handling Aggression in Children - Database committed
[2025-10-08 12:44:04] ✓ Sent email to: aartijiware2000@gmail.com for workshop: Handling Aggression in Children - Database committed
[2025-10-08 12:44:08] ✓ Sent email to: akbar.latur@gmail.com for workshop: Handling Aggression in Children - Database committed
[2025-10-08 12:44:16] ✓ Sent email to: akbar.latur@gmail.com for workshop: Handling Aggression in Children - Database committed
[2025-10-08 12:44:19] ✓ Sent email to: akshaysuryawanshiltr@gmail.com for workshop: Handling Aggression in Children - Database committed
[2025-10-08 12:44:27] ✓ Sent email to: akshaysuryawanshiltr@gmail.com for workshop: Handling Aggression in Children - Database committed
[2025-10-08 12:44:31] ✓ Sent email to: ambadastodkar69@gmail.com for workshop: Handling Aggression in Children - Database committed
[2025-10-08 12:44:38] ✓ Sent email to: ambadastodkar69@gmail.com for workshop: Handling Aggression in Children - Database committed
[2025-10-08 12:44:41] ✓ Sent email to: arunshirure14@gmail.com for workshop: Handling Aggression in Children - Database committed
[2025-10-08 12:44:50] ✓ Sent email to: arunshirure14@gmail.com for workshop: Handling Aggression in Children - Database committed
[2025-10-08 12:44:53] ✓ Sent email to: azimshaikh469@gmail.com for workshop: Handling Aggression in Children - Database committed
[2025-10-08 12:45:01] ✓ Sent email to: azimshaikh469@gmail.com for workshop: Handling Aggression in Children - Database committed
[2025-10-08 12:45:05] ✓ Sent email to: kawadedagadusaheb@gmail.com for workshop: Handling Aggression in Children - Database committed
[2025-10-08 12:45:13] ✓ Sent email to: kawadedagadusaheb@gmail.com for workshop: Handling Aggression in Children - Database committed
[2025-10-08 12:45:16] ✓ Sent email to: dattaohal@gmail.com for workshop: Handling Aggression in Children - Database committed
[2025-10-08 12:45:24] ✓ Sent email to: dattaohal@gmail.com for workshop: Handling Aggression in Children - Database committed
[2025-10-08 12:45:27] ✓ Sent email to: deepmaladhumal406@gmail.com for workshop: Handling Aggression in Children - Database committed
[2025-10-08 12:45:35] ✓ Sent email to: deepmaladhumal406@gmail.com for workshop: Handling Aggression in Children - Database committed
[2025-10-08 12:45:39] ✓ Sent email to: dj4233427@gmail.com for workshop: Handling Aggression in Children - Database committed
[2025-10-08 12:45:47] ✓ Sent email to: dj4233427@gmail.com for workshop: Handling Aggression in Children - Database committed
[2025-10-08 12:45:50] ✓ Sent email to: goredipak123@gmail.com for workshop: Handling Aggression in Children - Database committed
[2025-10-08 12:45:58] ✓ Sent email to: goredipak123@gmail.com for workshop: Handling Aggression in Children - Database committed
[2025-10-08 12:46:01] ✓ Sent email to: deepikashinde159@gmail.com for workshop: Handling Aggression in Children - Database committed
[2025-10-08 12:46:09] ✓ Sent email to: deepikashinde159@gmail.com for workshop: Handling Aggression in Children - Database committed
[2025-10-08 12:46:13] ✓ Sent email to: dnyaneshwarjadhvar1@gmail.com for workshop: Handling Aggression in Children - Database committed
[2025-10-08 12:46:21] ✓ Sent email to: dnyaneshwarjadhvar1@gmail.com for workshop: Handling Aggression in Children - Database committed
[2025-10-08 12:46:24] ✓ Sent email to: dnyana777@gmail.com for workshop: Handling Aggression in Children - Database committed
[2025-10-08 12:46:33] ✓ Sent email to: dnyana777@gmail.com for workshop: Handling Aggression in Children - Database committed
[2025-10-08 12:46:36] ✓ Sent email to: drjayarampaul2018@gmail.com for workshop: Handling Aggression in Children - Database committed
[2025-10-08 12:46:45] ✓ Sent email to: drjayarampaul2018@gmail.com for workshop: Handling Aggression in Children - Database committed
[2025-10-08 12:46:47] ✓ Sent email to: hamzapathan83@gmail.com for workshop: Handling Aggression in Children - Database committed
[2025-10-08 12:46:57] ✓ Sent email to: hamzapathan83@gmail.com for workshop: Handling Aggression in Children - Database committed
[2025-10-08 12:46:59] ✓ Sent email to: jayshripatil989@gmail.com for workshop: Handling Aggression in Children - Database committed
[2025-10-08 12:47:08] ✓ Sent email to: jayshripatil989@gmail.com for workshop: Handling Aggression in Children - Database committed
[2025-10-08 12:47:12] ✓ Sent email to: jyotiwale1977@gmail.com for workshop: Handling Aggression in Children - Database committed
[2025-10-08 12:47:19] ✓ Sent email to: jyotiwale1977@gmail.com for workshop: Handling Aggression in Children - Database committed
[2025-10-08 12:47:23] ✓ Sent email to: aissvies.3775@ariseinternational.in for workshop: Handling Aggression in Children - Database committed
[2025-10-08 12:47:31] ✓ Sent email to: aissvies.3775@ariseinternational.in for workshop: Handling Aggression in Children - Database committed
[2025-10-08 12:47:35] ✓ Sent email to: kalyanikulkarni221@gmail.com for workshop: Handling Aggression in Children - Database committed
[2025-10-08 12:47:42] ✓ Sent email to: kalyanikulkarni221@gmail.com for workshop: Handling Aggression in Children - Database committed
[2025-10-08 12:47:46] ✓ Sent email to: shastrimadam@gmail.com for workshop: Handling Aggression in Children - Database committed
[2025-10-08 12:47:54] ✓ Sent email to: shastrimadam@gmail.com for workshop: Handling Aggression in Children - Database committed
[2025-10-08 12:47:58] ✓ Sent email to: tiwarimahesh034@gmail.com for workshop: Handling Aggression in Children - Database committed
[2025-10-08 12:48:05] ✓ Sent email to: tiwarimahesh034@gmail.com for workshop: Handling Aggression in Children - Database committed
[2025-10-08 12:48:09] ✓ Sent email to: manevaishnavi32@gmail.com for workshop: Handling Aggression in Children - Database committed
[2025-10-08 12:48:17] ✓ Sent email to: manevaishnavi32@gmail.com for workshop: Handling Aggression in Children - Database committed
[2025-10-08 12:48:21] ✓ Sent email to: supriyakulkarni151@gmail.com for workshop: Handling Aggression in Children - Database committed
[2025-10-08 12:48:29] ✓ Sent email to: supriyakulkarni151@gmail.com for workshop: Handling Aggression in Children - Database committed
[2025-10-08 12:48:33] ✓ Sent email to: bhosalems90@gmail.com for workshop: Handling Aggression in Children - Database committed
[2025-10-08 12:48:41] ✓ Sent email to: bhosalems90@gmail.com for workshop: Handling Aggression in Children - Database committed
[2025-10-08 12:48:45] ✓ Sent email to: meenakshishitole10@gmail.com for workshop: Handling Aggression in Children - Database committed
[2025-10-08 12:48:52] ✓ Sent email to: meenakshishitole10@gmail.com for workshop: Handling Aggression in Children - Database committed
[2025-10-08 12:48:56] ✓ Sent email to: sachindive139@gmail.com for workshop: Handling Aggression in Children - Database committed
[2025-10-08 12:49:03] ✓ Sent email to: sachindive139@gmail.com for workshop: Handling Aggression in Children - Database committed
[2025-10-08 12:49:08] ✓ Sent email to: sarwadevijay6@gmail.com for workshop: Handling Aggression in Children - Database committed
[2025-10-08 12:49:16] ✓ Sent email to: sarwadevijay6@gmail.com for workshop: Handling Aggression in Children - Database committed
[2025-10-08 12:49:19] ✓ Sent email to: mukhtarws@gmail.com for workshop: Handling Aggression in Children - Database committed
[2025-10-08 12:49:28] ✓ Sent email to: mukhtarws@gmail.com for workshop: Handling Aggression in Children - Database committed
[2025-10-08 12:49:31] ✓ Sent email to: mkhobare2022@gmail.com for workshop: Handling Aggression in Children - Database committed
[2025-10-08 12:49:40] ✓ Sent email to: mkhobare2022@gmail.com for workshop: Handling Aggression in Children - Database committed
[2025-10-08 12:49:43] ✓ Sent email to: kedarpooja425@gmail.com for workshop: Handling Aggression in Children - Database committed
[2025-10-08 12:49:52] ✓ Sent email to: kedarpooja425@gmail.com for workshop: Handling Aggression in Children - Database committed
[2025-10-08 12:49:55] ✓ Sent email to: priya_sankaye1992@yahoo.com for workshop: Handling Aggression in Children - Database committed
[2025-10-08 12:50:03] ✓ Sent email to: priya_sankaye1992@yahoo.com for workshop: Handling Aggression in Children - Database committed
[2025-10-08 12:50:07] ✓ Sent email to: rsshriname123@gmail.com for workshop: Handling Aggression in Children - Database committed
[2025-10-08 12:50:15] ✓ Sent email to: rsshriname123@gmail.com for workshop: Handling Aggression in Children - Database committed
[2025-10-08 12:50:19] ✓ Sent email to: surwaserama6@gmail.com for workshop: Handling Aggression in Children - Database committed
[2025-10-08 12:50:26] ✓ Sent email to: surwaserama6@gmail.com for workshop: Handling Aggression in Children - Database committed
[2025-10-08 12:50:30] ✓ Sent email to: ambulgerenuka5@gmail.com for workshop: Handling Aggression in Children - Database committed
[2025-10-08 12:50:38] ✓ Sent email to: ambulgerenuka5@gmail.com for workshop: Handling Aggression in Children - Database committed
[2025-10-08 12:50:42] ✓ Sent email to: rohinisolunke9960734171@gmail.com for workshop: Handling Aggression in Children - Database committed
[2025-10-08 12:50:50] ✓ Sent email to: rohinisolunke9960734171@gmail.com for workshop: Handling Aggression in Children - Database committed
[2025-10-08 12:50:54] ✓ Sent email to: kalidasgiri82@gmail.com for workshop: Handling Aggression in Children - Database committed
[2025-10-08 12:51:02] ✓ Sent email to: kalidasgiri82@gmail.com for workshop: Handling Aggression in Children - Database committed
[2025-10-08 12:51:05] ✓ Sent email to: saadchaus77@gmail.com for workshop: Handling Aggression in Children - Database committed
[2025-10-08 12:51:15] ✓ Sent email to: saadchaus77@gmail.com for workshop: Handling Aggression in Children - Database committed
[2025-10-08 12:51:18] ✓ Sent email to: sangitanarhare97@gmail.com for workshop: Handling Aggression in Children - Database committed
[2025-10-08 12:51:26] ✓ Sent email to: sangitanarhare97@gmail.com for workshop: Handling Aggression in Children - Database committed
[2025-10-08 12:51:30] ✓ Sent email to: savitakodre71575@gmail.com for workshop: Handling Aggression in Children - Database committed
[2025-10-08 12:51:38] ✓ Sent email to: savitakodre71575@gmail.com for workshop: Handling Aggression in Children - Database committed
[2025-10-08 12:51:42] ✓ Sent email to: shivkanyatat@gmail.com for workshop: Handling Aggression in Children - Database committed
[2025-10-08 12:51:50] ✓ Sent email to: shivkanyatat@gmail.com for workshop: Handling Aggression in Children - Database committed
[2025-10-08 12:51:53] ✓ Sent email to: soniyadadge@gmail.com for workshop: Handling Aggression in Children - Database committed
[2025-10-08 12:52:02] ✓ Sent email to: soniyadadge@gmail.com for workshop: Handling Aggression in Children - Database committed
[2025-10-08 12:52:05] ✓ Sent email to: sujatathakur59@gmail.com for workshop: Handling Aggression in Children - Database committed
[2025-10-08 12:52:14] ✓ Sent email to: sujatathakur59@gmail.com for workshop: Handling Aggression in Children - Database committed
[2025-10-08 12:52:17] ✓ Sent email to: itheadjspm@gmail.com for workshop: Handling Aggression in Children - Database committed
[2025-10-08 12:52:25] ✓ Sent email to: itheadjspm@gmail.com for workshop: Handling Aggression in Children - Database committed
[2025-10-08 12:52:29] ✓ Sent email to: sushma.gadad1980@gmail.com for workshop: Handling Aggression in Children - Database committed
[2025-10-08 12:52:37] ✓ Sent email to: sushma.gadad1980@gmail.com for workshop: Handling Aggression in Children - Database committed
[2025-10-08 12:52:41] ✓ Sent email to: sgkale89@gimal.com for workshop: Handling Aggression in Children - Database committed
[2025-10-08 12:52:48] ✓ Sent email to: sgkale89@gimal.com for workshop: Handling Aggression in Children - Database committed
[2025-10-08 12:52:52] ✓ Sent email to: swatighogare008@gmail.com for workshop: Handling Aggression in Children - Database committed
[2025-10-08 12:52:59] ✓ Sent email to: swatighogare008@gmail.com for workshop: Handling Aggression in Children - Database committed
[2025-10-08 12:53:04] ✓ Sent email to: tanjujadepe10@gmail.com for workshop: Handling Aggression in Children - Database committed
[2025-10-08 12:53:11] ✓ Sent email to: tanjujadepe10@gmail.com for workshop: Handling Aggression in Children - Database committed
[2025-10-08 12:53:15] ✓ Sent email to: uddhav2085@gmail.com for workshop: Handling Aggression in Children - Database committed
[2025-10-08 12:53:22] ✓ Sent email to: uddhav2085@gmail.com for workshop: Handling Aggression in Children - Database committed
[2025-10-08 12:53:27] ✓ Sent email to: vaibhavd9096@gmail.com for workshop: Handling Aggression in Children - Database committed
[2025-10-08 12:53:34] ✓ Sent email to: vaibhavd9096@gmail.com for workshop: Handling Aggression in Children - Database committed
[2025-10-08 12:53:39] ✓ Sent email to: varashvikas3698@gmail.com for workshop: Handling Aggression in Children - Database committed
[2025-10-08 12:53:46] ✓ Sent email to: varashvikas3698@gmail.com for workshop: Handling Aggression in Children - Database committed
[2025-10-08 12:53:51] ✓ Sent email to: varsharanijadhav82@gmail.com for workshop: Handling Aggression in Children - Database committed
[2025-10-08 12:53:58] ✓ Sent email to: varsharanijadhav82@gmail.com for workshop: Handling Aggression in Children - Database committed
[2025-10-08 12:54:02] ✓ Sent email to: vidyathorat144@gmail.com for workshop: Handling Aggression in Children - Database committed
[2025-10-08 12:54:10] ✓ Sent email to: vidyathorat144@gmail.com for workshop: Handling Aggression in Children - Database committed
[2025-10-08 12:54:14] ✓ Sent email to: varshavikas3698@gmail.com for workshop: Handling Aggression in Children - Database committed
[2025-10-08 12:54:21] ✓ Sent email to: varshavikas3698@gmail.com for workshop: Handling Aggression in Children - Database committed
[2025-10-08 12:54:25] ✓ Sent email to: vinayabirajdar8486@gmail.com for workshop: Handling Aggression in Children - Database committed
[2025-10-08 12:54:33] ✓ Sent email to: vinayabirajdar8486@gmail.com for workshop: Handling Aggression in Children - Database committed
[2025-10-08 12:54:37] ✓ Sent email to: kardurevinod@gmail.com for workshop: Handling Aggression in Children - Database committed
[2025-10-08 12:54:45] ✓ Sent email to: kardurevinod@gmail.com for workshop: Handling Aggression in Children - Database committed
[2025-10-08 12:54:48] ✓ Sent email to: aissvies.3730@ariseinternational.in for workshop: Handling Aggression in Children - Database committed
[2025-10-08 12:54:57] ✓ Sent email to: aissvies.3730@ariseinternational.in for workshop: Handling Aggression in Children - Database committed
[2025-10-08 12:55:00] ✓ Sent email to: documentation@dwpsnoidaex.com for workshop: Handling Aggression in Children - Database committed
[2025-10-08 12:55:10] ✓ Sent email to: documentation@dwpsnoidaex.com for workshop: Handling Aggression in Children - Database committed
[2025-10-08 12:55:12] ✓ Sent email to: pooja744@gmail.com for workshop: Handling Aggression in Children - Database committed
[2025-10-08 12:55:22] ✓ Sent email to: pooja744@gmail.com for workshop: Handling Aggression in Children - Database committed
[2025-10-08 12:55:23] ✓ Sent email to: shivani.bhau007@gmail.com for workshop: Handling Aggression in Children - Database committed
[2025-10-08 12:55:34] ✓ Sent email to: shivani.bhau007@gmail.com for workshop: Handling Aggression in Children - Database committed
[2025-10-08 12:55:35] ✓ Sent email to: kourparampreet87@gmail.com for workshop: Handling Aggression in Children - Database committed
[2025-10-08 12:55:45] ✓ Sent email to: kourparampreet87@gmail.com for workshop: Handling Aggression in Children - Database committed
[2025-10-08 12:55:47] ✓ Sent email to: Gurvinder.raina125@gmail.com for workshop: Handling Aggression in Children - Database committed
[2025-10-08 12:55:57] ✓ Sent email to: Gurvinder.raina125@gmail.com for workshop: Handling Aggression in Children - Database committed
[2025-10-08 12:55:58] ✓ Sent email to: silkygupta1801@gmail.com for workshop: Handling Aggression in Children - Database committed
[2025-10-08 12:56:08] ✓ Sent email to: silkygupta1801@gmail.com for workshop: Handling Aggression in Children - Database committed
[2025-10-08 12:56:10] ✓ Sent email to: preet.kour2366@gmail.com for workshop: Handling Aggression in Children - Database committed
[2025-10-08 12:56:21] ✓ Sent email to: preet.kour2366@gmail.com for workshop: Handling Aggression in Children - Database committed
[2025-10-08 12:56:22] ✓ Sent email to: Shruti.maggo2@gmail.com for workshop: Handling Aggression in Children - Database committed
[2025-10-08 12:56:33] ✓ Sent email to: Shruti.maggo2@gmail.com for workshop: Handling Aggression in Children - Database committed
[2025-10-08 12:56:33] ✓ Sent email to: bhartibumrah.0196@gmail.com for workshop: Handling Aggression in Children - Database committed
[2025-10-08 12:56:45] ✓ Sent email to: josheenkour1713@gmail.com for workshop: Handling Aggression in Children - Database committed
[2025-10-08 12:56:45] ✓ Sent email to: bhartibumrah.0196@gmail.com for workshop: Handling Aggression in Children - Database committed
[2025-10-08 12:56:56] ✓ Sent email to: theanmol70@gmail.com for workshop: Handling Aggression in Children - Database committed
[2025-10-08 12:56:57] ✓ Sent email to: josheenkour1713@gmail.com for workshop: Handling Aggression in Children - Database committed
[2025-10-08 12:57:07] ✓ Sent email to: Shafalijamwal710@gmail.com for workshop: Handling Aggression in Children - Database committed
[2025-10-08 12:57:09] ✓ Sent email to: theanmol70@gmail.com for workshop: Handling Aggression in Children - Database committed
[2025-10-08 12:57:19] ✓ Sent email to: krishu.sadotra@gmail.com for workshop: Handling Aggression in Children - Database committed
[2025-10-08 12:57:21] ✓ Sent email to: Shafalijamwal710@gmail.com for workshop: Handling Aggression in Children - Database committed
[2025-10-08 12:57:31] ✓ Sent email to: monikasharma3119@gmail.com for workshop: Handling Aggression in Children - Database committed
[2025-10-08 12:57:32] ✓ Sent email to: krishu.sadotra@gmail.com for workshop: Handling Aggression in Children - Database committed
[2025-10-08 12:57:42] ✓ Sent email to: rashmikalgotra@gmail.com for workshop: Handling Aggression in Children - Database committed
[2025-10-08 12:57:43] ✓ Sent email to: monikasharma3119@gmail.com for workshop: Handling Aggression in Children - Database committed
[2025-10-08 12:57:54] ✓ Sent email to: jyotisunilsharma797281@gmail.com for workshop: Handling Aggression in Children - Database committed
[2025-10-08 12:57:54] ✓ Sent email to: rashmikalgotra@gmail.com for workshop: Handling Aggression in Children - Database committed
[2025-10-08 12:58:05] ✓ Sent email to: sandhusharma480@gmail.com for workshop: Handling Aggression in Children - Database committed
[2025-10-08 12:58:06] ✓ Sent email to: jyotisunilsharma797281@gmail.com for workshop: Handling Aggression in Children - Database committed
[2025-10-08 07:28:11] === CRON JOB STARTED ===
[2025-10-08 12:58:11] Configuration loaded successfully
[2025-10-08 12:58:12] Found 1 workshops with pending emails
[2025-10-08 12:58:12] Processing workshop: Handling Aggression in Children (ID: 197) with 447 pending emails
[2025-10-08 12:58:12] Sending 200 emails for workshop: Handling Aggression in Children
[2025-10-08 12:58:17] ✓ Sent email to: anurohitgupta@gmail.com for workshop: Handling Aggression in Children - Database committed
[2025-10-08 12:58:18] ✓ Sent email to: sandhusharma480@gmail.com for workshop: Handling Aggression in Children - Database committed
[2025-10-08 12:58:23] ✓ Email sent using: ipnacademy2023@gmail.com to: anurohitgupta@gmail.com
[2025-10-08 12:58:23] ✓ Sent email to: anurohitgupta@gmail.com for workshop: Handling Aggression in Children - Database committed
[2025-10-08 12:58:28] ✓ Sent email to: ranvir_jagdeep@rediffmail.com for workshop: Handling Aggression in Children - Database committed
[2025-10-08 12:58:29] ✓ Sent email to: anurohitgupta@gmail.com for workshop: Handling Aggression in Children - Database committed
[2025-10-08 12:58:35] ✓ Email sent using: ipnacademy2023@gmail.com to: ranvir_jagdeep@rediffmail.com
[2025-10-08 12:58:35] ✓ Sent email to: ranvir_jagdeep@rediffmail.com for workshop: Handling Aggression in Children - Database committed
[2025-10-08 12:58:40] ✓ Sent email to: anjalichoudhary2223@gmail.com for workshop: Handling Aggression in Children - Database committed
[2025-10-08 12:58:41] ✓ Sent email to: ranvir_jagdeep@rediffmail.com for workshop: Handling Aggression in Children - Database committed
[2025-10-08 12:58:47] ✓ Email sent using: ipnacademy2023@gmail.com to: anjalichoudhary2223@gmail.com
[2025-10-08 12:58:47] ✓ Sent email to: anjalichoudhary2223@gmail.com for workshop: Handling Aggression in Children - Database committed
[2025-10-08 12:58:52] ✓ Sent email to: satwantkour25111981@gmail.com for workshop: Handling Aggression in Children - Database committed
[2025-10-08 12:58:53] ✓ Sent email to: anjalichoudhary2223@gmail.com for workshop: Handling Aggression in Children - Database committed
[2025-10-08 12:58:58] ✓ Email sent using: ipnacademy2023@gmail.com to: satwantkour25111981@gmail.com
[2025-10-08 12:58:59] ✓ Sent email to: satwantkour25111981@gmail.com for workshop: Handling Aggression in Children - Database committed
[2025-10-08 12:59:03] ✓ Sent email to: nitanchandel@gmail.com for workshop: Handling Aggression in Children - Database committed
[2025-10-08 12:59:04] ✓ Sent email to: satwantkour25111981@gmail.com for workshop: Handling Aggression in Children - Database committed
[2025-10-08 12:59:10] ✓ Email sent using: ipnacademy2023@gmail.com to: nitanchandel@gmail.com
[2025-10-08 12:59:10] ✓ Sent email to: nitanchandel@gmail.com for workshop: Handling Aggression in Children - Database committed
[2025-10-08 12:59:15] ✓ Sent email to: Jasminderjappy@gmail.com for workshop: Handling Aggression in Children - Database committed
[2025-10-08 12:59:16] ✓ Sent email to: nitanchandel@gmail.com for workshop: Handling Aggression in Children - Database committed
[2025-10-08 12:59:21] ✓ Email sent using: ipnacademy2023@gmail.com to: Jasminderjappy@gmail.com
[2025-10-08 12:59:21] ✓ Sent email to: Jasminderjappy@gmail.com for workshop: Handling Aggression in Children - Database committed
[2025-10-08 12:59:27] ✓ Sent email to: radhikahanda12327@gmail.com for workshop: Handling Aggression in Children - Database committed
[2025-10-08 12:59:27] ✓ Sent email to: Jasminderjappy@gmail.com for workshop: Handling Aggression in Children - Database committed
[2025-10-08 12:59:33] ✓ Email sent using: ipnacademy2023@gmail.com to: radhikahanda12327@gmail.com
[2025-10-08 12:59:33] ✓ Sent email to: radhikahanda12327@gmail.com for workshop: Handling Aggression in Children - Database committed
[2025-10-08 12:59:38] ✓ Sent email to: charak.megha@gmail.com for workshop: Handling Aggression in Children - Database committed
[2025-10-08 12:59:39] ✓ Sent email to: radhikahanda12327@gmail.com for workshop: Handling Aggression in Children - Database committed
[2025-10-08 12:59:44] ✓ Email sent using: ipnacademy2023@gmail.com to: charak.megha@gmail.com
[2025-10-08 12:59:44] ✓ Sent email to: charak.megha@gmail.com for workshop: Handling Aggression in Children - Database committed
[2025-10-08 12:59:50] ✓ Sent email to: rajneetkour24@gmail.com for workshop: Handling Aggression in Children - Database committed
[2025-10-08 12:59:50] ✓ Sent email to: charak.megha@gmail.com for workshop: Handling Aggression in Children - Database committed
[2025-10-08 12:59:57] ✓ Email sent using: ipnacademy2023@gmail.com to: rajneetkour24@gmail.com
[2025-10-08 12:59:57] ✓ Sent email to: rajneetkour24@gmail.com for workshop: Handling Aggression in Children - Database committed
[2025-10-08 13:00:03] ✓ Sent email to: kohlimunmun524@gmail.com for workshop: Handling Aggression in Children - Database committed
[2025-10-08 13:00:03] ✓ Sent email to: rajneetkour24@gmail.com for workshop: Handling Aggression in Children - Database committed
[2025-10-08 13:00:08] ✓ Sent email to: wazirpooja4@gmail.com for workshop: Handling Aggression in Children - Database committed
[2025-10-08 13:00:08] ✓ Sent email to: kohlimunmun524@gmail.com for workshop: Handling Aggression in Children - Database committed
[2025-10-08 13:00:08] ✓ Email sent using: ipnacademy2023@gmail.com to: kohlimunmun524@gmail.com
[2025-10-08 13:00:08] ✓ Sent email to: kohlimunmun524@gmail.com for workshop: Handling Aggression in Children - Database committed
[2025-10-08 13:00:19] ✓ Email sent using: ipnacademy2023@gmail.com to: wazirpooja4@gmail.com
[2025-10-08 13:00:19] ✓ Sent email to: wazirpooja4@gmail.com for workshop: Handling Aggression in Children - Database committed
[2025-10-08 13:00:20] ✓ Sent email to: harmeet_ranyal@rediffmail.com for workshop: Handling Aggression in Children - Database committed
[2025-10-08 13:00:20] ✓ Sent email to: wazirpooja4@gmail.com for workshop: Handling Aggression in Children - Database committed
[2025-10-08 13:00:30] ✓ Email sent using: ipnacademy2023@gmail.com to: harmeet_ranyal@rediffmail.com
[2025-10-08 13:00:30] ✓ Sent email to: harmeet_ranyal@rediffmail.com for workshop: Handling Aggression in Children - Database committed
[2025-10-08 13:00:31] ✓ Sent email to: harmeet_ranyal@rediffmail.com for workshop: Handling Aggression in Children - Database committed
[2025-10-08 13:00:31] ✓ Sent email to: hmeena8350@gmail.com for workshop: Handling Aggression in Children - Database committed
[2025-10-08 13:00:41] ✓ Email sent using: ipnacademy2023@gmail.com to: hmeena8350@gmail.com
[2025-10-08 13:00:41] ✓ Sent email to: hmeena8350@gmail.com for workshop: Handling Aggression in Children - Database committed
[2025-10-08 13:00:42] ✓ Sent email to: hmeena8350@gmail.com for workshop: Handling Aggression in Children - Database committed
[2025-10-08 13:00:42] ✓ Sent email to: samraj.samu.ns@gmail.com for workshop: Handling Aggression in Children - Database committed
[2025-10-08 13:00:53] ✓ Email sent using: ipnacademy2023@gmail.com to: samraj.samu.ns@gmail.com
[2025-10-08 13:00:53] ✓ Sent email to: samraj.samu.ns@gmail.com for workshop: Handling Aggression in Children - Database committed
[2025-10-08 13:00:54] ✓ Sent email to: samraj.samu.ns@gmail.com for workshop: Handling Aggression in Children - Database committed
[2025-10-08 13:00:54] ✓ Sent email to: shivanimithilesh97@gmail.com for workshop: Handling Aggression in Children - Database committed
[2025-10-08 13:01:05] ✓ Sent email to: principal.iira@gmail.com for workshop: Handling Aggression in Children - Database committed
[2025-10-08 13:01:05] ✓ Email sent using: ipnacademy2023@gmail.com to: shivanimithilesh97@gmail.com
[2025-10-08 13:01:05] ✓ Sent email to: shivanimithilesh97@gmail.com for workshop: Handling Aggression in Children - Database committed
[2025-10-08 13:01:06] ✓ Sent email to: shivanimithilesh97@gmail.com for workshop: Handling Aggression in Children - Database committed
[2025-10-08 13:01:17] ✓ Sent email to: akta.jhala88@gmail.com for workshop: Handling Aggression in Children - Database committed
[2025-10-08 13:01:17] ✓ Email sent using: ipnacademy2023@gmail.com to: principal.iira@gmail.com
[2025-10-08 13:01:17] ✓ Sent email to: principal.iira@gmail.com for workshop: Handling Aggression in Children - Database committed
[2025-10-08 13:01:19] ✓ Sent email to: principal.iira@gmail.com for workshop: Handling Aggression in Children - Database committed
[2025-10-08 13:01:28] ✓ Sent email to: roshmodha@hmail.com for workshop: Handling Aggression in Children - Database committed
[2025-10-08 13:01:28] ✓ Email sent using: ipnacademy2023@gmail.com to: akta.jhala88@gmail.com
[2025-10-08 13:01:29] ✓ Sent email to: akta.jhala88@gmail.com for workshop: Handling Aggression in Children - Database committed
[2025-10-08 13:01:33] ✓ Sent email to: akta.jhala88@gmail.com for workshop: Handling Aggression in Children - Database committed
[2025-10-08 13:01:40] ✓ Sent email to: sandipta.own@gmail.com for workshop: Handling Aggression in Children - Database committed
[2025-10-08 13:01:40] ✓ Email sent using: ipnacademy2023@gmail.com to: roshmodha@hmail.com
[2025-10-08 13:01:41] ✓ Sent email to: roshmodha@hmail.com for workshop: Handling Aggression in Children - Database committed
[2025-10-08 13:01:45] ✓ Sent email to: roshmodha@hmail.com for workshop: Handling Aggression in Children - Database committed
[2025-10-08 13:01:52] ✓ Sent email to: shivani_desai26@yahoo.com for workshop: Handling Aggression in Children - Database committed
[2025-10-08 13:01:52] ✓ Email sent using: ipnacademy2023@gmail.com to: sandipta.own@gmail.com
[2025-10-08 13:01:52] ✓ Sent email to: sandipta.own@gmail.com for workshop: Handling Aggression in Children - Database committed
[2025-10-08 13:01:56] ✓ Sent email to: sandipta.own@gmail.com for workshop: Handling Aggression in Children - Database committed
[2025-10-08 13:02:03] ✓ Sent email to: dushyantbhuria@yahoo.com for workshop: Handling Aggression in Children - Database committed
[2025-10-08 13:02:03] ✓ Email sent using: ipnacademy2023@gmail.com to: shivani_desai26@yahoo.com
[2025-10-08 13:02:03] ✓ Sent email to: shivani_desai26@yahoo.com for workshop: Handling Aggression in Children - Database committed
[2025-10-08 13:02:08] ✓ Sent email to: shivani_desai26@yahoo.com for workshop: Handling Aggression in Children - Database committed
[2025-10-08 13:02:14] ✓ Sent email to: zalakdalal26@gmail.com for workshop: Handling Aggression in Children - Database committed
[2025-10-08 13:02:15] ✓ Email sent using: ipnacademy2023@gmail.com to: dushyantbhuria@yahoo.com
[2025-10-08 13:02:15] ✓ Sent email to: dushyantbhuria@yahoo.com for workshop: Handling Aggression in Children - Database committed
[2025-10-08 13:02:19] ✓ Sent email to: dushyantbhuria@yahoo.com for workshop: Handling Aggression in Children - Database committed
[2025-10-08 13:02:26] ✓ Sent email to: Suwarnaphadke@gmail.com for workshop: Handling Aggression in Children - Database committed
[2025-10-08 13:02:27] ✓ Email sent using: ipnacademy2023@gmail.com to: zalakdalal26@gmail.com
[2025-10-08 13:02:27] ✓ Sent email to: zalakdalal26@gmail.com for workshop: Handling Aggression in Children - Database committed
[2025-10-08 13:02:31] ✓ Sent email to: zalakdalal26@gmail.com for workshop: Handling Aggression in Children - Database committed
[2025-10-08 13:02:37] ✓ Sent email to: ranjan.badola@gmail.com for workshop: Handling Aggression in Children - Database committed
[2025-10-08 13:02:38] ✓ Email sent using: ipnacademy2023@gmail.com to: Suwarnaphadke@gmail.com
[2025-10-08 13:02:38] ✓ Sent email to: Suwarnaphadke@gmail.com for workshop: Handling Aggression in Children - Database committed
[2025-10-08 13:02:42] ✓ Sent email to: Suwarnaphadke@gmail.com for workshop: Handling Aggression in Children - Database committed
[2025-10-08 13:02:48] ✓ Sent email to: sannu1279@gmail.com for workshop: Handling Aggression in Children - Database committed
[2025-10-08 13:02:49] ✓ Email sent using: ipnacademy2023@gmail.com to: ranjan.badola@gmail.com
[2025-10-08 13:02:49] ✓ Sent email to: ranjan.badola@gmail.com for workshop: Handling Aggression in Children - Database committed
[2025-10-08 13:02:54] ✓ Sent email to: ranjan.badola@gmail.com for workshop: Handling Aggression in Children - Database committed
[2025-10-08 13:03:00] ✓ Sent email to: priyankadave.pd@gmail.com for workshop: Handling Aggression in Children - Database committed
[2025-10-08 13:03:01] ✓ Email sent using: ipnacademy2023@gmail.com to: sannu1279@gmail.com
[2025-10-08 13:03:01] ✓ Sent email to: sannu1279@gmail.com for workshop: Handling Aggression in Children - Database committed
[2025-10-08 13:03:05] ✓ Sent email to: sannu1279@gmail.com for workshop: Handling Aggression in Children - Database committed
[2025-10-08 13:03:11] ✓ Sent email to: reeyas8014@gmail.com for workshop: Handling Aggression in Children - Database committed
[2025-10-08 13:03:12] ✓ Email sent using: ipnacademy2023@gmail.com to: priyankadave.pd@gmail.com
[2025-10-08 13:03:13] ✓ Sent email to: priyankadave.pd@gmail.com for workshop: Handling Aggression in Children - Database committed
[2025-10-08 13:03:17] ✓ Sent email to: priyankadave.pd@gmail.com for workshop: Handling Aggression in Children - Database committed
[2025-10-08 13:03:22] ✓ Sent email to: bhumika.agaria@gmail.com for workshop: Handling Aggression in Children - Database committed
[2025-10-08 13:03:24] ✓ Email sent using: ipnacademy2023@gmail.com to: reeyas8014@gmail.com
[2025-10-08 13:03:24] ✓ Sent email to: reeyas8014@gmail.com for workshop: Handling Aggression in Children - Database committed
[2025-10-08 13:03:28] ✓ Sent email to: reeyas8014@gmail.com for workshop: Handling Aggression in Children - Database committed
[2025-10-08 13:03:36] ✓ Sent email to: jyotigohil633@gmail.com for workshop: Handling Aggression in Children - Database committed
[2025-10-08 13:03:37] ✓ Email sent using: ipnacademy2023@gmail.com to: bhumika.agaria@gmail.com
[2025-10-08 13:03:37] ✓ Sent email to: bhumika.agaria@gmail.com for workshop: Handling Aggression in Children - Database committed
[2025-10-08 13:03:40] ✓ Sent email to: bhumika.agaria@gmail.com for workshop: Handling Aggression in Children - Database committed
[2025-10-08 13:03:48] ✓ Sent email to: shraddhapandey3699@gmail.com for workshop: Handling Aggression in Children - Database committed
[2025-10-08 13:03:49] ✓ Email sent using: ipnacademy2023@gmail.com to: jyotigohil633@gmail.com
[2025-10-08 13:03:49] ✓ Sent email to: jyotigohil633@gmail.com for workshop: Handling Aggression in Children - Database committed
[2025-10-08 13:03:53] ✓ Sent email to: jyotigohil633@gmail.com for workshop: Handling Aggression in Children - Database committed
[2025-10-08 13:03:59] ✓ Sent email to: kananbhatt1905@gmail.com for workshop: Handling Aggression in Children - Database committed
[2025-10-08 13:04:00] ✓ Email sent using: ipnacademy2023@gmail.com to: shraddhapandey3699@gmail.com
[2025-10-08 13:04:00] ✓ Sent email to: shraddhapandey3699@gmail.com for workshop: Handling Aggression in Children - Database committed
[2025-10-08 13:04:05] ✓ Sent email to: shraddhapandey3699@gmail.com for workshop: Handling Aggression in Children - Database committed
[2025-10-08 13:04:12] ✓ Sent email to: madhavi.tripurana2008@gmail.com for workshop: Handling Aggression in Children - Database committed
[2025-10-08 13:04:12] ✓ Email sent using: ipnacademy2023@gmail.com to: kananbhatt1905@gmail.com
[2025-10-08 13:04:12] ✓ Sent email to: kananbhatt1905@gmail.com for workshop: Handling Aggression in Children - Database committed
[2025-10-08 13:04:17] ✓ Sent email to: kananbhatt1905@gmail.com for workshop: Handling Aggression in Children - Database committed
[2025-10-08 13:04:23] ✓ Sent email to: sumansisodia0145@gmail.com for workshop: Handling Aggression in Children - Database committed
[2025-10-08 13:04:24] ✓ Email sent using: ipnacademy2023@gmail.com to: madhavi.tripurana2008@gmail.com
[2025-10-08 13:04:24] ✓ Sent email to: madhavi.tripurana2008@gmail.com for workshop: Handling Aggression in Children - Database committed
[2025-10-08 13:04:28] ✓ Sent email to: madhavi.tripurana2008@gmail.com for workshop: Handling Aggression in Children - Database committed
[2025-10-08 07:34:33] === CRON JOB STARTED ===
[2025-10-08 13:04:33] Configuration loaded successfully
[2025-10-08 13:04:33] Found 1 workshops with pending emails
[2025-10-08 13:04:33] Processing workshop: Handling Aggression in Children (ID: 197) with 414 pending emails
[2025-10-08 13:04:34] Sending 200 emails for workshop: Handling Aggression in Children
[2025-10-08 13:04:34] ✓ Sent email to: reshma.rana1601@gmail.com for workshop: Handling Aggression in Children - Database committed
[2025-10-08 13:04:36] ✓ Email sent using: ipnacademy2023@gmail.com to: sumansisodia0145@gmail.com
[2025-10-08 13:04:36] ✓ Sent email to: sumansisodia0145@gmail.com for workshop: Handling Aggression in Children - Database committed
[2025-10-08 13:04:40] ✓ Sent email to: sumansisodia0145@gmail.com for workshop: Handling Aggression in Children - Database committed
[2025-10-08 13:04:45] ✓ Email sent using: ipnfoundation.tlc.02@gmail.com to: reshma.rana1601@gmail.com
[2025-10-08 13:04:45] ✓ Sent email to: reshma.rana1601@gmail.com for workshop: Handling Aggression in Children - Database committed
[2025-10-08 13:04:46] ✓ Sent email to: hiteshree12345@gmail.com for workshop: Handling Aggression in Children - Database committed
[2025-10-08 13:04:47] ✓ Email sent using: ipnacademy2023@gmail.com to: reshma.rana1601@gmail.com
[2025-10-08 13:04:48] ✓ Sent email to: reshma.rana1601@gmail.com for workshop: Handling Aggression in Children - Database committed
[2025-10-08 13:04:51] ✓ Sent email to: reshma.rana1601@gmail.com for workshop: Handling Aggression in Children - Database committed
[2025-10-08 13:04:56] ✓ Email sent using: ipnfoundation.tlc.02@gmail.com to: hiteshree12345@gmail.com
[2025-10-08 13:04:56] ✓ Sent email to: hiteshree12345@gmail.com for workshop: Handling Aggression in Children - Database committed
[2025-10-08 13:04:58] ✓ Sent email to: tanujavarmasingh08@gmail.com for workshop: Handling Aggression in Children - Database committed
[2025-10-08 13:04:59] ✓ Email sent using: ipnacademy2023@gmail.com to: hiteshree12345@gmail.com
[2025-10-08 13:04:59] ✓ Sent email to: hiteshree12345@gmail.com for workshop: Handling Aggression in Children - Database committed
[2025-10-08 13:05:03] ✓ Sent email to: hiteshree12345@gmail.com for workshop: Handling Aggression in Children - Database committed
[2025-10-08 13:05:07] ✓ Email sent using: ipnfoundation.tlc.02@gmail.com to: tanujavarmasingh08@gmail.com
[2025-10-08 13:05:07] ✓ Sent email to: tanujavarmasingh08@gmail.com for workshop: Handling Aggression in Children - Database committed
[2025-10-08 13:05:09] ✓ Sent email to: dmadhvi28@gmail.com for workshop: Handling Aggression in Children - Database committed
[2025-10-08 13:05:10] ✓ Email sent using: ipnacademy2023@gmail.com to: tanujavarmasingh08@gmail.com
[2025-10-08 13:05:10] ✓ Sent email to: tanujavarmasingh08@gmail.com for workshop: Handling Aggression in Children - Database committed
[2025-10-08 13:05:14] ✓ Sent email to: tanujavarmasingh08@gmail.com for workshop: Handling Aggression in Children - Database committed
[2025-10-08 13:05:19] ✓ Email sent using: ipnfoundation.tlc.02@gmail.com to: dmadhvi28@gmail.com
[2025-10-08 13:05:19] ✓ Sent email to: dmadhvi28@gmail.com for workshop: Handling Aggression in Children - Database committed
[2025-10-08 13:05:21] ✓ Sent email to: shailaja.dave02@gmail.com for workshop: Handling Aggression in Children - Database committed
[2025-10-08 13:05:21] ✓ Email sent using: ipnacademy2023@gmail.com to: dmadhvi28@gmail.com
[2025-10-08 13:05:21] ✓ Sent email to: dmadhvi28@gmail.com for workshop: Handling Aggression in Children - Database committed
[2025-10-08 13:05:25] ✓ Sent email to: dmadhvi28@gmail.com for workshop: Handling Aggression in Children - Database committed
[2025-10-08 13:05:30] ✓ Email sent using: ipnfoundation.tlc.02@gmail.com to: shailaja.dave02@gmail.com
[2025-10-08 13:05:30] ✓ Sent email to: shailaja.dave02@gmail.com for workshop: Handling Aggression in Children - Database committed
[2025-10-08 13:05:32] ✓ Sent email to: shweta24ranadive@gmail.com for workshop: Handling Aggression in Children - Database committed
[2025-10-08 13:05:36] ✓ Sent email to: shailaja.dave02@gmail.com for workshop: Handling Aggression in Children - Database committed
[2025-10-08 13:05:42] ✓ Email sent using: ipnfoundation.tlc.02@gmail.com to: shweta24ranadive@gmail.com
[2025-10-08 13:05:42] ✓ Sent email to: shweta24ranadive@gmail.com for workshop: Handling Aggression in Children - Database committed
[2025-10-08 13:05:44] ✓ Sent email to: kaverinbagul@gmail.com for workshop: Handling Aggression in Children - Database committed
[2025-10-08 13:05:47] ✓ Sent email to: shweta24ranadive@gmail.com for workshop: Handling Aggression in Children - Database committed
[2025-10-08 13:05:48] ✗ Error processing workshop Handling Aggression in Children: MySQL server has gone away
[2025-10-08 13:05:48] === CRON JOB COMPLETED ===
[2025-10-08 13:05:48] Processed workshops: 0
[2025-10-08 13:05:48] Total emails sent: 37
[2025-10-08 13:05:48] Total emails failed: 0
[2025-10-08 13:05:48] Success rate: 100%
[2025-10-08 13:05:53] ✓ Email sent using: ipnfoundation.tlc.02@gmail.com to: kaverinbagul@gmail.com
[2025-10-08 13:05:53] ✓ Sent email to: kaverinbagul@gmail.com for workshop: Handling Aggression in Children - Database committed
[2025-10-08 13:05:55] ✓ Sent email to: khyatiimistri@gmail.com for workshop: Handling Aggression in Children - Database committed
[2025-10-08 13:05:59] ✓ Sent email to: kaverinbagul@gmail.com for workshop: Handling Aggression in Children - Database committed
[2025-10-08 13:06:04] ✓ Email sent using: ipnfoundation.tlc.02@gmail.com to: khyatiimistri@gmail.com
[2025-10-08 13:06:05] ✓ Sent email to: khyatiimistri@gmail.com for workshop: Handling Aggression in Children - Database committed
[2025-10-08 13:06:07] ✓ Sent email to: thackerbeena15@gmail.com for workshop: Handling Aggression in Children - Database committed
[2025-10-08 13:06:11] ✓ Sent email to: khyatiimistri@gmail.com for workshop: Handling Aggression in Children - Database committed
[2025-10-08 13:06:16] ✓ Email sent using: ipnfoundation.tlc.02@gmail.com to: thackerbeena15@gmail.com
[2025-10-08 13:06:16] ✓ Sent email to: thackerbeena15@gmail.com for workshop: Handling Aggression in Children - Database committed
[2025-10-08 13:06:18] ✓ Sent email to: mukti.misra@gmail.com for workshop: Handling Aggression in Children - Database committed
[2025-10-08 13:06:23] ✓ Sent email to: thackerbeena15@gmail.com for workshop: Handling Aggression in Children - Database committed
[2025-10-08 13:06:28] ✓ Email sent using: ipnfoundation.tlc.02@gmail.com to: mukti.misra@gmail.com
[2025-10-08 13:06:29] ✓ Sent email to: mukti.misra@gmail.com for workshop: Handling Aggression in Children - Database committed
[2025-10-08 13:06:31] ✓ Sent email to: darjikiran31@gmail.com for workshop: Handling Aggression in Children - Database committed
[2025-10-08 13:06:35] ✓ Sent email to: mukti.misra@gmail.com for workshop: Handling Aggression in Children - Database committed
[2025-10-08 13:06:40] ✓ Email sent using: ipnfoundation.tlc.02@gmail.com to: darjikiran31@gmail.com
[2025-10-08 13:06:40] ✓ Sent email to: darjikiran31@gmail.com for workshop: Handling Aggression in Children - Database committed
[2025-10-08 13:06:42] ✓ Sent email to: agrawal.rani2014@gmail.com for workshop: Handling Aggression in Children - Database committed
[2025-10-08 13:06:46] ✓ Sent email to: darjikiran31@gmail.com for workshop: Handling Aggression in Children - Database committed
[2025-10-08 13:06:52] ✓ Email sent using: ipnfoundation.tlc.02@gmail.com to: agrawal.rani2014@gmail.com
[2025-10-08 13:06:52] ✓ Sent email to: agrawal.rani2014@gmail.com for workshop: Handling Aggression in Children - Database committed
[2025-10-08 13:06:54] ✓ Sent email to: bhargiupadhyay@gmail.com for workshop: Handling Aggression in Children - Database committed
[2025-10-08 13:06:58] ✓ Sent email to: agrawal.rani2014@gmail.com for workshop: Handling Aggression in Children - Database committed
[2025-10-08 13:07:04] ✓ Email sent using: ipnfoundation.tlc.02@gmail.com to: bhargiupadhyay@gmail.com
[2025-10-08 13:07:04] ✓ Sent email to: bhargiupadhyay@gmail.com for workshop: Handling Aggression in Children - Database committed
[2025-10-08 13:07:06] ✓ Sent email to: abhishekpisanand@gmail.com for workshop: Handling Aggression in Children - Database committed
[2025-10-08 13:07:09] ✓ Sent email to: bhargiupadhyay@gmail.com for workshop: Handling Aggression in Children - Database committed
[2025-10-08 13:07:16] ✓ Email sent using: ipnfoundation.tlc.02@gmail.com to: abhishekpisanand@gmail.com
[2025-10-08 13:07:16] ✓ Sent email to: abhishekpisanand@gmail.com for workshop: Handling Aggression in Children - Database committed
[2025-10-08 13:07:18] ✓ Sent email to: deepshekhar_me@yahoo.in for workshop: Handling Aggression in Children - Database committed
[2025-10-08 13:07:21] ✓ Sent email to: abhishekpisanand@gmail.com for workshop: Handling Aggression in Children - Database committed
[2025-10-08 13:07:27] ✓ Email sent using: ipnfoundation.tlc.02@gmail.com to: deepshekhar_me@yahoo.in
[2025-10-08 13:07:27] ✓ Sent email to: deepshekhar_me@yahoo.in for workshop: Handling Aggression in Children - Database committed
[2025-10-08 13:07:29] ✓ Sent email to: rainathakkar88@gmail.com for workshop: Handling Aggression in Children - Database committed
[2025-10-08 13:07:32] ✓ Sent email to: deepshekhar_me@yahoo.in for workshop: Handling Aggression in Children - Database committed
[2025-10-08 13:07:38] ✓ Email sent using: ipnfoundation.tlc.02@gmail.com to: rainathakkar88@gmail.com
[2025-10-08 13:07:38] ✓ Sent email to: rainathakkar88@gmail.com for workshop: Handling Aggression in Children - Database committed
[2025-10-08 13:07:41] ✓ Sent email to: nayyarakazi910@gmail.com for workshop: Handling Aggression in Children - Database committed
[2025-10-08 13:07:45] ✓ Sent email to: rainathakkar88@gmail.com for workshop: Handling Aggression in Children - Database committed
[2025-10-08 13:07:50] ✓ Email sent using: ipnfoundation.tlc.02@gmail.com to: nayyarakazi910@gmail.com
[2025-10-08 13:07:50] ✓ Sent email to: nayyarakazi910@gmail.com for workshop: Handling Aggression in Children - Database committed
[2025-10-08 13:07:52] ✓ Sent email to: sabas489@gmail.com for workshop: Handling Aggression in Children - Database committed
[2025-10-08 13:07:56] ✓ Sent email to: nayyarakazi910@gmail.com for workshop: Handling Aggression in Children - Database committed
[2025-10-08 13:08:01] ✓ Email sent using: ipnfoundation.tlc.02@gmail.com to: sabas489@gmail.com
[2025-10-08 13:08:01] ✓ Sent email to: sabas489@gmail.com for workshop: Handling Aggression in Children - Database committed
[2025-10-08 13:08:04] ✓ Sent email to: pritijha2005@gmail.com for workshop: Handling Aggression in Children - Database committed
[2025-10-08 13:08:07] ✓ Sent email to: sabas489@gmail.com for workshop: Handling Aggression in Children - Database committed
[2025-10-08 13:08:13] ✓ Email sent using: ipnfoundation.tlc.02@gmail.com to: pritijha2005@gmail.com
[2025-10-08 13:08:13] ✓ Sent email to: pritijha2005@gmail.com for workshop: Handling Aggression in Children - Database committed
[2025-10-08 13:08:15] ✓ Sent email to: roshmodha@gmail.com for workshop: Handling Aggression in Children - Database committed
[2025-10-08 13:08:19] ✓ Sent email to: pritijha2005@gmail.com for workshop: Handling Aggression in Children - Database committed
[2025-10-08 13:08:24] ✓ Email sent using: ipnfoundation.tlc.02@gmail.com to: roshmodha@gmail.com
[2025-10-08 13:08:24] ✓ Sent email to: roshmodha@gmail.com for workshop: Handling Aggression in Children - Database committed
[2025-10-08 13:08:26] ✓ Sent email to: vihitadave@gmail.com for workshop: Handling Aggression in Children - Database committed
[2025-10-08 13:08:30] ✓ Sent email to: roshmodha@gmail.com for workshop: Handling Aggression in Children - Database committed
[2025-10-08 13:08:36] ✓ Email sent using: ipnfoundation.tlc.02@gmail.com to: vihitadave@gmail.com
[2025-10-08 13:08:36] ✓ Sent email to: vihitadave@gmail.com for workshop: Handling Aggression in Children - Database committed
[2025-10-08 13:08:38] ✓ Sent email to: iirameena23@gmail.com for workshop: Handling Aggression in Children - Database committed
[2025-10-08 13:08:42] ✓ Sent email to: vihitadave@gmail.com for workshop: Handling Aggression in Children - Database committed
[2025-10-08 13:08:48] ✓ Email sent using: ipnfoundation.tlc.02@gmail.com to: iirameena23@gmail.com
[2025-10-08 13:08:48] ✓ Sent email to: iirameena23@gmail.com for workshop: Handling Aggression in Children - Database committed
[2025-10-08 13:08:50] ✓ Sent email to: deshpandejyoti.19@gmail.com for workshop: Handling Aggression in Children - Database committed
[2025-10-08 13:08:53] ✓ Sent email to: iirameena23@gmail.com for workshop: Handling Aggression in Children - Database committed
[2025-10-08 13:09:00] ✓ Email sent using: ipnfoundation.tlc.02@gmail.com to: deshpandejyoti.19@gmail.com
[2025-10-08 13:09:00] ✓ Sent email to: deshpandejyoti.19@gmail.com for workshop: Handling Aggression in Children - Database committed
[2025-10-08 13:09:02] ✓ Sent email to: prajitha.marar@yahoo.com for workshop: Handling Aggression in Children - Database committed
[2025-10-08 13:09:05] ✓ Sent email to: deshpandejyoti.19@gmail.com for workshop: Handling Aggression in Children - Database committed
[2025-10-08 13:09:12] ✓ Email sent using: ipnfoundation.tlc.02@gmail.com to: prajitha.marar@yahoo.com
[2025-10-08 13:09:12] ✓ Sent email to: prajitha.marar@yahoo.com for workshop: Handling Aggression in Children - Database committed
[2025-10-08 13:09:14] ✓ Sent email to: neetidhawla@gmail.com for workshop: Handling Aggression in Children - Database committed
[2025-10-08 13:09:17] ✓ Sent email to: prajitha.marar@yahoo.com for workshop: Handling Aggression in Children - Database committed
[2025-10-08 13:09:24] ✓ Email sent using: ipnfoundation.tlc.02@gmail.com to: neetidhawla@gmail.com
[2025-10-08 13:09:24] ✓ Sent email to: neetidhawla@gmail.com for workshop: Handling Aggression in Children - Database committed
[2025-10-08 13:09:26] ✓ Sent email to: kirtikamal2909@gmail.com for workshop: Handling Aggression in Children - Database committed
[2025-10-08 13:09:29] ✓ Sent email to: neetidhawla@gmail.com for workshop: Handling Aggression in Children - Database committed
[2025-10-08 13:09:36] ✓ Email sent using: ipnfoundation.tlc.02@gmail.com to: kirtikamal2909@gmail.com
[2025-10-08 13:09:36] ✓ Sent email to: kirtikamal2909@gmail.com for workshop: Handling Aggression in Children - Database committed
[2025-10-08 13:09:41] ✓ Sent email to: kirtikamal2909@gmail.com for workshop: Handling Aggression in Children - Database committed
[2025-10-08 13:09:47] ✓ Email sent using: ipnfoundation.tlc.02@gmail.com to: pritirawalbaroda@gmail.com
[2025-10-08 13:09:47] ✓ Sent email to: pritirawalbaroda@gmail.com for workshop: Handling Aggression in Children - Database committed
[2025-10-08 13:09:53] ✓ Sent email to: pritirawalbaroda@gmail.com for workshop: Handling Aggression in Children - Database committed
[2025-10-08 13:09:58] ✓ Email sent using: ipnfoundation.tlc.02@gmail.com to: neetubalot84@gmail.com
[2025-10-08 13:09:58] ✓ Sent email to: neetubalot84@gmail.com for workshop: Handling Aggression in Children - Database committed
[2025-10-08 13:10:04] ✓ Sent email to: neetubalot84@gmail.com for workshop: Handling Aggression in Children - Database committed
[2025-10-08 13:10:09] ✓ Email sent using: ipnfoundation.tlc.02@gmail.com to: laxmimengnani10@gmail.com
[2025-10-08 13:10:09] ✓ Sent email to: laxmimengnani10@gmail.com for workshop: Handling Aggression in Children - Database committed
[2025-10-08 13:10:15] ✓ Sent email to: laxmimengnani10@gmail.com for workshop: Handling Aggression in Children - Database committed
[2025-10-08 13:10:20] ✓ Email sent using: ipnfoundation.tlc.02@gmail.com to: mjimna3@gmail.com
[2025-10-08 13:10:20] ✓ Sent email to: mjimna3@gmail.com for workshop: Handling Aggression in Children - Database committed
[2025-10-08 13:10:28] ✓ Sent email to: mjimna3@gmail.com for workshop: Handling Aggression in Children - Database committed
[2025-10-08 13:10:32] ✓ Email sent using: ipnfoundation.tlc.02@gmail.com to: snehaduttachoudhury@gmail.com
[2025-10-08 13:10:32] ✓ Sent email to: snehaduttachoudhury@gmail.com for workshop: Handling Aggression in Children - Database committed
[2025-10-08 13:10:39] ✓ Sent email to: snehaduttachoudhury@gmail.com for workshop: Handling Aggression in Children - Database committed
[2025-10-08 13:10:44] ✓ Email sent using: ipnfoundation.tlc.02@gmail.com to: manjushamadne7@gmail.com
[2025-10-08 13:10:44] ✓ Sent email to: manjushamadne7@gmail.com for workshop: Handling Aggression in Children - Database committed
[2025-10-08 13:10:51] ✓ Sent email to: manjushamadne7@gmail.com for workshop: Handling Aggression in Children - Database committed
[2025-10-08 13:10:55] ✓ Email sent using: ipnfoundation.tlc.02@gmail.com to: rajnigakare652101@gmail.com
[2025-10-08 13:10:55] ✓ Sent email to: rajnigakare652101@gmail.com for workshop: Handling Aggression in Children - Database committed
[2025-10-08 13:11:02] ✓ Sent email to: rajnigakare652101@gmail.com for workshop: Handling Aggression in Children - Database committed
[2025-10-08 13:11:06] ✓ Email sent using: ipnfoundation.tlc.02@gmail.com to: narendra.saudagar@gmail.com
[2025-10-08 13:11:06] ✓ Sent email to: narendra.saudagar@gmail.com for workshop: Handling Aggression in Children - Database committed
[2025-10-08 13:11:13] ✓ Sent email to: narendra.saudagar@gmail.com for workshop: Handling Aggression in Children - Database committed
[2025-10-08 13:11:17] ✓ Email sent using: ipnfoundation.tlc.02@gmail.com to: maltimate17@gmail.com
[2025-10-08 13:11:17] ✓ Sent email to: maltimate17@gmail.com for workshop: Handling Aggression in Children - Database committed
[2025-10-08 13:11:25] ✓ Sent email to: maltimate17@gmail.com for workshop: Handling Aggression in Children - Database committed
[2025-10-08 13:11:29] ✓ Email sent using: ipnfoundation.tlc.02@gmail.com to: jha.0raja@gmail.com
[2025-10-08 13:11:29] ✓ Sent email to: jha.0raja@gmail.com for workshop: Handling Aggression in Children - Database committed
[2025-10-08 13:11:40] ✓ Email sent using: ipnfoundation.tlc.02@gmail.com to: shreyajuneja21@gmail.com
[2025-10-08 13:11:40] ✓ Sent email to: shreyajuneja21@gmail.com for workshop: Handling Aggression in Children - Database committed
[2025-10-08 13:11:52] ✓ Email sent using: ipnfoundation.tlc.02@gmail.com to: shituhote@gmail.com
[2025-10-08 13:11:52] ✓ Sent email to: shituhote@gmail.com for workshop: Handling Aggression in Children - Database committed
[2025-10-08 13:12:03] ✓ Email sent using: ipnfoundation.tlc.02@gmail.com to: yadavsuman1310@gmail.com
[2025-10-08 13:12:03] ✓ Sent email to: yadavsuman1310@gmail.com for workshop: Handling Aggression in Children - Database committed
[2025-10-08 13:12:15] ✓ Email sent using: ipnfoundation.tlc.02@gmail.com to: naveenwaidhan@gmail.com
[2025-10-08 13:12:15] ✓ Sent email to: naveenwaidhan@gmail.com for workshop: Handling Aggression in Children - Database committed
[2025-10-08 13:12:26] ✓ Email sent using: ipnfoundation.tlc.02@gmail.com to: jyotiparadkar64@gmail.com
[2025-10-08 13:12:26] ✓ Sent email to: jyotiparadkar64@gmail.com for workshop: Handling Aggression in Children - Database committed
[2025-10-08 13:12:38] ✓ Email sent using: ipnfoundation.tlc.02@gmail.com to: gthakare0407@gmail.com
[2025-10-08 13:12:38] ✓ Sent email to: gthakare0407@gmail.com for workshop: Handling Aggression in Children - Database committed
[2025-10-08 13:12:50] ✓ Email sent using: ipnfoundation.tlc.02@gmail.com to: harshikabalpande2019@gmail.com
[2025-10-08 13:12:50] ✓ Sent email to: harshikabalpande2019@gmail.com for workshop: Handling Aggression in Children - Database committed
[2025-10-08 13:13:01] ✓ Email sent using: ipnfoundation.tlc.02@gmail.com to: usha.bhukte@gmail.com
[2025-10-08 13:13:01] ✓ Sent email to: usha.bhukte@gmail.com for workshop: Handling Aggression in Children - Database committed
[2025-10-08 13:13:13] ✓ Email sent using: ipnfoundation.tlc.02@gmail.com to: awarvade@gmail.com
[2025-10-08 07:48:59] === CRON JOB STARTED ===
[2025-10-08 13:18:59] Configuration loaded successfully
[2025-10-08 13:18:59] Found 1 workshops with pending emails
[2025-10-08 13:18:59] Processing workshop: Handling Aggression in Children (ID: 197) with 355 pending emails
[2025-10-08 13:19:00] Sending 200 emails for workshop: Handling Aggression in Children
[2025-10-08 13:19:12] ✓ Email sent using: ipnfoundation.tlc.02@gmail.com to: dp007426@gmail.com
[2025-10-08 13:19:12] ✓ Sent email to: dp007426@gmail.com for workshop: Handling Aggression in Children - Database committed
[2025-10-08 13:19:24] ✓ Email sent using: ipnfoundation.tlc.02@gmail.com to: Violet7@rediffmail.com
[2025-10-08 13:19:24] ✓ Sent email to: Violet7@rediffmail.com for workshop: Handling Aggression in Children - Database committed
[2025-10-08 13:19:36] ✓ Email sent using: ipnfoundation.tlc.02@gmail.com to: gardnermichelle49@yahoo.com
[2025-10-08 13:19:36] ✓ Sent email to: gardnermichelle49@yahoo.com for workshop: Handling Aggression in Children - Database committed
[2025-10-08 13:19:50] ✓ Email sent using: ipnfoundation.tlc.02@gmail.com to: Kamleshsundriyal02@gmail.com
[2025-10-08 13:19:50] ✓ Sent email to: Kamleshsundriyal02@gmail.com for workshop: Handling Aggression in Children - Database committed
[2025-10-08 13:34:02] ✗ Error processing email for richa1971verma1@gmail.com: MySQL server has gone away
[2025-10-08 13:34:02] ✗ Error processing email for shuchiag2003@yahoo.co.in: MySQL server has gone away
[2025-10-08 13:34:02] ✗ Error processing email for minuarya03@gmail.com: MySQL server has gone away
[2025-10-08 13:34:02] ✗ Error processing email for anitathapanagarkoti@gmail.com: MySQL server has gone away
[2025-10-08 13:34:02] ✗ Error processing email for anjusharma5059@gmail.com: MySQL server has gone away
[2025-10-08 13:34:02] ✗ Error processing email for Bmbhatt021983@gmail.com: MySQL server has gone away
[2025-10-08 13:34:02] ✗ Error processing email for Charubhatt397@gmail.com: MySQL server has gone away
[2025-10-08 13:34:02] ✗ Error processing email for cbruce852@gmail.com: MySQL server has gone away
[2025-10-08 13:34:02] ✗ Error processing email for devmehatara@gmail.com: MySQL server has gone away
[2025-10-08 13:34:02] ✗ Error processing email for deeptigupta8899@gmail.com: MySQL server has gone away
[2025-10-08 13:34:02] ✗ Error processing email for gurjeetsofia@gmail.com: MySQL server has gone away
[2025-10-08 13:34:02] ✗ Error processing email for ishitaraj05@gmail.com: MySQL server has gone away
[2025-10-08 13:34:02] ✗ Error processing email for janicetindale23@gmail.com: MySQL server has gone away
[2025-10-08 13:34:02] ✗ Error processing email for jyotisamuel1234@gmail.com: MySQL server has gone away
[2025-10-08 13:34:02] ✗ Error processing email for devrani.kiran@gmail.com: MySQL server has gone away
[2025-10-08 13:34:02] ✗ Error processing email for 34madhvikapoor34@gmail.com: MySQL server has gone away
[2025-10-08 13:34:02] ✗ Error processing email for dangwalmani@gmail.com: MySQL server has gone away
[2025-10-08 13:34:02] ✗ Error processing email for mangeetarora@gmail.com: MySQL server has gone away
[2025-10-08 13:34:02] ✗ Error processing email for mayajadora@gmail.com: MySQL server has gone away
[2025-10-08 13:34:02] ✗ Error processing email for chmeenakshi10@gmail.com: MySQL server has gone away
[2025-10-08 13:34:02] ✗ Error processing email for meenakshi42profession@gmail.com: MySQL server has gone away
[2025-10-08 13:34:02] ✗ Error processing email for meenustjudes@gmail.com: MySQL server has gone away
[2025-10-08 13:34:02] ✗ Error processing email for monikakapoor795@gmail.com: MySQL server has gone away
[2025-10-08 13:34:02] ✗ Error processing email for parimoomonika@gmail.com: MySQL server has gone away
[2025-10-08 13:34:02] ✗ Error processing email for unamita99@gmail.com: MySQL server has gone away
[2025-10-08 13:34:02] ✗ Error processing email for paulnatasha.kg@gmail.com: MySQL server has gone away
[2025-10-08 13:34:02] ✗ Error processing email for navneet.2664@gmail.com: MySQL server has gone away
[2025-10-08 13:34:02] ✗ Error processing email for neelimachauhan1811@gmail.com: MySQL server has gone away
[2025-10-08 13:34:02] ✗ Error processing email for neeljack0312@gmail.com: MySQL server has gone away
[2025-10-08 13:34:02] ✗ Error processing email for neerachaudhary66@gmail.com: MySQL server has gone away
[2025-10-08 13:34:02] ✗ Error processing email for johnnidhi7@gmail.com: MySQL server has gone away
[2025-10-08 13:34:02] ✗ Error processing email for gunarp1602@gmail.com: MySQL server has gone away
[2025-10-08 13:34:02] ✗ Error processing email for pratibha7soni@gmail.com: MySQL server has gone away
[2025-10-08 13:34:02] ✗ Error processing email for rachelsangaya@gmail.com: MySQL server has gone away
[2025-10-08 13:34:02] ✗ Error processing email for rajikathapa@gmail.com: MySQL server has gone away
[2025-10-08 13:34:02] ✗ Error processing email for rajni14.ahluwalia@gmail.com: MySQL server has gone away
[2025-10-08 13:34:02] ✗ Error processing email for ghanshyalarajni@gmail.com: MySQL server has gone away
[2025-10-08 13:34:02] ✗ Error processing email for bishtrajni471989@gmail.com: MySQL server has gone away
[2025-10-08 13:34:02] ✗ Error processing email for bhattranjana1983@gmail.com: MySQL server has gone away
[2025-10-08 13:34:02] ✗ Error processing email for ratikasingh5248@gmail.com: MySQL server has gone away
[2025-10-08 13:34:02] ✗ Error processing email for reenatyagisjs@gmail.com: MySQL server has gone away
[2025-10-08 13:34:02] ✗ Error processing email for rekhajaraut75@gmail.com: MySQL server has gone away
[2025-10-08 13:34:02] ✗ Error processing email for nautiyalrekhi@gmail.com: MySQL server has gone away
[2025-10-08 13:34:02] ✗ Error processing email for avnipaul217@gmail.com: MySQL server has gone away
[2025-10-08 13:34:02] ✗ Error processing email for hashmiteaches@gmail.com: MySQL server has gone away
[2025-10-08 13:34:02] ✗ Error processing email for ruchikakeshubhatia@gmail.com: MySQL server has gone away
[2025-10-08 13:34:02] ✗ Error processing email for vipulsinghrawat007@gmail.com: MySQL server has gone away
[2025-10-08 13:34:02] ✗ Error processing email for sangeetasundriyal12@gmail.com: MySQL server has gone away
[2025-10-08 13:34:02] ✗ Error processing email for sindhwalsangita@gmail.com: MySQL server has gone away
[2025-10-08 13:34:02] ✗ Error processing email for seemarawal15@gmail.com: MySQL server has gone away
[2025-10-08 13:34:02] ✗ Error processing email for shailysharma0226@gmail.com: MySQL server has gone away
[2025-10-08 13:34:02] ✗ Error processing email for sharmishthasengupta18@gmail.com: MySQL server has gone away
[2025-10-08 13:34:02] ✗ Error processing email for Shrutiprabhakar07@gmail.com: MySQL server has gone away
[2025-10-08 13:34:02] ✗ Error processing email for dimri.shweta5@gmail.com: MySQL server has gone away
[2025-10-08 13:34:02] ✗ Error processing email for pantsonam12@gmail.com: MySQL server has gone away
[2025-10-08 13:34:02] ✗ Error processing email for obsonia28@gmail.com: MySQL server has gone away
[2025-10-08 13:34:02] ✗ Error processing email for supernacornelius85@gmail.com: MySQL server has gone away
[2025-10-08 13:34:02] ✗ Error processing email for sur.kr18@gmail.com: MySQL server has gone away
[2025-10-08 13:34:02] ✗ Error processing email for trizameiselbach@gmail.com: MySQL server has gone away
[2025-10-08 13:34:02] ✗ Error processing email for Vandananagpal2775@gmail.com: MySQL server has gone away
[2025-10-08 13:34:02] ✗ Error processing email for veronicatindale02@gmail.com: MySQL server has gone away
[2025-10-08 13:34:02] ✗ Error processing email for vjshahi31@gmail.com: MySQL server has gone away
[2025-10-08 13:34:02] ✗ Error processing email for Wilson23dance@gmail.com: MySQL server has gone away
[2025-10-08 13:34:02] ✗ Error processing email for ajay23303@gmail.com: MySQL server has gone away
[2025-10-08 13:34:02] ✗ Error processing email for negi.amit68@gmail.com: MySQL server has gone away
[2025-10-08 13:34:02] ✗ Error processing email for amitsinghal.anu@gmail.com: MySQL server has gone away
[2025-10-08 13:34:02] ✗ Error processing email for singh.amitosh.as@gmail.com: MySQL server has gone away
[2025-10-08 13:34:02] Invalid email address for user ANJALI RAWAT: anjalidoon61@gmailcom
[2025-10-08 13:34:02] ✗ Error processing email for bhatiaanshu09@gmail.com: MySQL server has gone away
[2025-10-08 13:34:02] ✗ Error processing email for anugrah52kumar@gmail.com: MySQL server has gone away
[2025-10-08 13:34:02] ✗ Error processing email for anupamagupta1968@gmail.com: MySQL server has gone away
[2025-10-08 13:34:02] ✗ Error processing email for bhandariasha461@gmail.com: MySQL server has gone away
[2025-10-08 13:34:02] ✗ Error processing email for asvinderkohli@gmail.com: MySQL server has gone away
[2025-10-08 13:34:02] ✗ Error processing email for baljeet1sharma@gmail.com: MySQL server has gone away
[2025-10-08 13:34:02] ✗ Error processing email for bsbisht986@gmail.com: MySQL server has gone away
[2025-10-08 13:34:02] ✗ Error processing email for bimal_bhambri@yahoo.com: MySQL server has gone away
[2025-10-08 13:34:02] ✗ Error processing email for drdaviddomingo@gmail.com: MySQL server has gone away
[2025-10-08 13:34:02] ✗ Error processing email for deepak73ahuja@gmail.com: MySQL server has gone away
[2025-10-08 13:34:02] ✗ Error processing email for deeptivineet27011986@gmail.com: MySQL server has gone away
[2025-10-08 13:34:02] ✗ Error processing email for gbhagnani@gmail.com: MySQL server has gone away
[2025-10-08 13:34:02] ✗ Error processing email for geetanjaliarya25@gmail.com: MySQL server has gone away
[2025-10-08 13:34:02] ✗ Error processing email for geralddavids@gmail.com: MySQL server has gone away
[2025-10-08 13:34:02] ✗ Error processing email for himanshu.uniyal.7@gmail.com: MySQL server has gone away
[2025-10-08 13:34:02] ✗ Error processing email for jspanwar7@rediffmail.com: MySQL server has gone away
[2025-10-08 13:34:02] ✗ Error processing email for jitpalsingh66@gmail.com: MySQL server has gone away
[2025-10-08 13:34:02] ✗ Error processing email for jyotisingh@gmail.com: MySQL server has gone away
[2025-10-08 13:34:02] ✗ Error processing email for Kajoldhingra03@gmail.com: MySQL server has gone away
[2025-10-08 13:34:02] ✗ Error processing email for bhatialokesh1977@gmail.com: MySQL server has gone away
[2025-10-08 13:34:02] ✗ Error processing email for ms1198269@gmail.com: MySQL server has gone away
[2025-10-08 13:34:02] ✗ Error processing email for tindale46@gmail.com: MySQL server has gone away
[2025-10-08 13:34:02] ✗ Error processing email for navin4018@gmail.com: MySQL server has gone away
[2025-10-08 13:34:02] ✗ Error processing email for rickyt59@gmail.com: MySQL server has gone away
[2025-10-08 13:34:02] ✗ Error processing email for naudiyalneeraj28@gmail.com: MySQL server has gone away
[2025-10-08 13:34:02] ✗ Error processing email for nitinshrm49@gmail.com: MySQL server has gone away
[2025-10-08 13:34:02] ✗ Error processing email for nitumehraaries@gmail.com: MySQL server has gone away
[2025-10-08 13:34:02] ✗ Error processing email for pankajsharmadehradun@gmail.com: MySQL server has gone away
[2025-10-08 13:34:02] ✗ Error processing email for prachikamal.11@gmail.com: MySQL server has gone away
[2025-10-08 13:34:02] ✗ Error processing email for shahiprakash37@gmail.com: MySQL server has gone away
[2025-10-08 13:34:02] ✗ Error processing email for psprashantsharma0@gmail.com: MySQL server has gone away
[2025-10-08 13:34:02] ✗ Error processing email for dwivedirachna1234@gmail.com: MySQL server has gone away
[2025-10-08 13:34:02] ✗ Error processing email for Rajesh.anjana2002@gmail.com: MySQL server has gone away
[2025-10-08 13:34:02] ✗ Error processing email for raprjiya@gmail.com: MySQL server has gone away
[2025-10-08 13:34:02] ✗ Error processing email for rakhijedli@gmail.com: MySQL server has gone away
[2025-10-08 13:34:02] ✗ Error processing email for reemasaklani19@gmail.com: MySQL server has gone away
[2025-10-08 13:34:02] ✗ Error processing email for reenapanwargusain@gmail.com: MySQL server has gone away
[2025-10-08 13:34:02] ✗ Error processing email for sangeetakapoor205@gmail.com: MySQL server has gone away
[2025-10-08 13:34:02] ✗ Error processing email for seema22tuli@gmail.com: MySQL server has gone away
[2025-10-08 13:34:02] ✗ Error processing email for dr.shaliniuniyal@gmail.com: MySQL server has gone away
[2025-10-08 13:34:02] ✗ Error processing email for shipraraiarora@gmail.com: MySQL server has gone away
[2025-10-08 13:34:02] ✗ Error processing email for shradharaj19@gmail.com: MySQL server has gone away
[2025-10-08 13:34:02] ✗ Error processing email for schaks2008@gmail.com: MySQL server has gone away
[2025-10-08 13:34:02] ✗ Error processing email for soniaddun20@gmail.com: MySQL server has gone away
[2025-10-08 13:34:02] ✗ Error processing email for 23sumankashyap@gmail.com: MySQL server has gone away
[2025-10-08 13:34:02] ✗ Error processing email for sumanthakur3636@gmail.com: MySQL server has gone away
[2025-10-08 13:34:02] ✗ Error processing email for sunitakaul100@gmail.com: MySQL server has gone away
[2025-10-08 13:34:02] ✗ Error processing email for sunitaranasjs@gmail.com: MySQL server has gone away
[2025-10-08 13:34:02] ✗ Error processing email for Skapoor1610@gmail.com: MySQL server has gone away
[2025-10-08 13:34:02] ✗ Error processing email for ttpant@gmail.com: MySQL server has gone away
[2025-10-08 13:34:02] ✗ Error processing email for vdhingra66@gmail.com: MySQL server has gone away
[2025-10-08 13:34:02] ✗ Error processing email for veenachandel439@gmail.com: MySQL server has gone away
[2025-10-08 13:34:02] ✗ Error processing email for Vishakhalal10@gmail.com: MySQL server has gone away
[2025-10-08 13:34:02] ✗ Error processing email for anamikagorakhpuria@stmarychampion.com: MySQL server has gone away
[2025-10-08 13:34:02] ✗ Error processing email for Chandrika.bhondave@stmarychampion.com: MySQL server has gone away
[2025-10-08 13:34:02] ✗ Error processing email for chhaya.soni@stmarychampion.com: MySQL server has gone away
[2025-10-08 13:34:02] ✗ Error processing email for Chatterjeelalwanic@gmail.com: MySQL server has gone away
[2025-10-08 13:34:02] ✗ Error processing email for deepa.parwani@stmarychampion.com: MySQL server has gone away
[2025-10-08 13:34:02] ✗ Error processing email for gayatrichouhan@stmarychampion.com: MySQL server has gone away
[2025-10-08 13:34:02] ✗ Error processing email for kiranbaviskar37@gmail.com: MySQL server has gone away
[2025-10-08 13:34:02] ✗ Error processing email for kirtibhardwaj@stmarychampion.com: MySQL server has gone away
[2025-10-08 13:34:02] ✗ Error processing email for lavinalalwani80@gmail.com: MySQL server has gone away
[2025-10-08 13:34:02] ✗ Error processing email for mamtatrivedi@stmarychampion.com: MySQL server has gone away
[2025-10-08 13:34:02] ✗ Error processing email for demlaniminal@gmail.com: MySQL server has gone away
[2025-10-08 13:34:02] ✗ Error processing email for mitalisharma@stmarychampion.com: MySQL server has gone away
[2025-10-08 13:34:02] ✗ Error processing email for kinchitapatel@gmail.com: MySQL server has gone away
[2025-10-08 13:34:02] ✗ Error processing email for Munirabaltiwala@stmarychampion.com: MySQL server has gone away
[2025-10-08 13:34:02] ✗ Error processing email for namratmishra@stmarychampion.com: MySQL server has gone away
[2025-10-08 13:34:02] ✗ Error processing email for rabelparyani09@gmail.com: MySQL server has gone away
[2025-10-08 13:34:02] ✗ Error processing email for raginirctiwari@gmail.com: MySQL server has gone away
[2025-10-08 13:34:02] ✗ Error processing email for rajeshwaritiwari209@gmail.com: MySQL server has gone away
[2025-10-08 13:34:02] ✗ Error processing email for rashiyadav@stmarychampion.com: MySQL server has gone away
[2025-10-08 13:34:02] ✗ Error processing email for reenasharma@stmarychampion.com.com: MySQL server has gone away
[2025-10-08 13:34:02] ✗ Error processing email for rekhakokate@stmarychampion.com: MySQL server has gone away
[2025-10-08 13:34:02] ✗ Error processing email for robinkakani@stmarychampion.com: MySQL server has gone away
[2025-10-08 13:34:02] ✗ Error processing email for robinrathore@stmarychampion.com: MySQL server has gone away
[2025-10-08 13:34:02] ✗ Error processing email for patwa.ruchi@gmail.com: MySQL server has gone away
[2025-10-08 13:34:02] ✗ Error processing email for sapana.pathak5@gmail.com: MySQL server has gone away
[2025-10-08 13:34:02] ✗ Error processing email for sapnaa0731@gmail.com: MySQL server has gone away
[2025-10-08 13:34:02] ✗ Error processing email for sarita.wanve@stmarychampion.com: MySQL server has gone away
[2025-10-08 13:34:02] ✗ Error processing email for saritayadav@stmarychampion.com: MySQL server has gone away
[2025-10-08 13:34:02] ✗ Error processing email for sheetalchouhan@stmarychampion.com: MySQL server has gone away
[2025-10-08 13:34:02] ✗ Error processing email for shobhanajoshi@stmarychampion.com: MySQL server has gone away
[2025-10-08 13:34:02] ✗ Error processing email for soniyarajani03@gmail.com: MySQL server has gone away
[2025-10-08 13:34:02] ✗ Error processing email for swatigupta@stmarychampion.com.com: MySQL server has gone away
[2025-10-08 13:34:02] ✗ Error processing email for swati.vyas@stmarychampion.com: MySQL server has gone away
[2025-10-08 13:34:02] ✗ Error processing email for vijayporwal@stmarychampion.com: MySQL server has gone away
[2025-10-08 13:34:02] ✗ Error processing email for gmandal17011995@gmail.com: MySQL server has gone away
[2025-10-08 13:34:02] ✗ Error processing email for shubhamgov7@gmail.com: MySQL server has gone away
[2025-10-08 13:34:02] ✗ Error processing email for sayanimondal807@gmail.com: MySQL server has gone away
[2025-10-08 13:34:02] ✗ Error processing email for rupsha1203@gmail.com: MySQL server has gone away
[2025-10-08 13:34:02] ✗ Error processing email for dsamanta110@gmail.com: MySQL server has gone away
[2025-10-08 13:34:02] ✗ Error processing email for tanmaysardar.cu17@gmail.com: MySQL server has gone away
[2025-10-08 13:34:02] ✗ Error processing email for kaushik82org@gmail.com: MySQL server has gone away
[2025-10-08 13:34:02] ✗ Error processing email for ss385247@gmail.com: MySQL server has gone away
[2025-10-08 13:34:02] ✗ Error processing email for debasmita.hazra5@gmail.com: MySQL server has gone away
[2025-10-08 13:34:02] ✗ Error processing email for roy918322@gmail.com: MySQL server has gone away
[2025-10-08 13:34:02] ✗ Error processing email for ranjanadubey100@gmail.com: MySQL server has gone away
[2025-10-08 13:34:02] ✗ Error processing email for thearup.mondal66@gmail.com: MySQL server has gone away
[2025-10-08 13:34:02] ✗ Error processing email for gdas7679613007@gmail.com: MySQL server has gone away
[2025-10-08 13:34:02] ✗ Error processing email for chakrabartychampak@rediffmail.com: MySQL server has gone away
[2025-10-08 13:34:02] ✗ Error processing email for promiths1988@gmail.com: MySQL server has gone away
[2025-10-08 13:34:02] ✗ Error processing email for principal.theheritageschool@gmail.com: MySQL server has gone away
[2025-10-08 13:34:02] ✗ Error processing email for ashubegum100@gmail.com: MySQL server has gone away
[2025-10-08 13:34:02] ✗ Error processing email for dipanwitamlp@gmail.com: MySQL server has gone away
[2025-10-08 13:34:02] ✗ Error processing email for mnjdutta1974@gmail.com: MySQL server has gone away
[2025-10-08 13:34:02] ✗ Error processing email for smphysics.contai@gmail.com: MySQL server has gone away
[2025-10-08 13:34:02] ✗ Error processing email for anniejennifer1984@gmail.com: MySQL server has gone away
[2025-10-08 13:34:02] ✗ Error processing email for shephalicharan@gmail.com: MySQL server has gone away
[2025-10-08 13:34:02] ✗ Error processing email for jnnfr.annie@gmail.com: MySQL server has gone away
[2025-10-08 13:34:02] ✗ Error processing email for angel.deepusharma@gmail.com: MySQL server has gone away
[2025-10-08 13:34:02] ✗ Error processing email for nandaughade72@gmail.com: MySQL server has gone away
[2025-10-08 13:34:02] ✗ Error processing email for vandanachoudhary014@gmail.com: MySQL server has gone away
[2025-10-08 13:34:02] ✗ Error processing email for vaishnaviraut812@gmail.com: MySQL server has gone away
[2025-10-08 13:34:02] ✗ Error processing email for dishaghode15@gmail.com: MySQL server has gone away
[2025-10-08 13:34:02] ✗ Error processing email for prachimahajan0310@gmail.com: MySQL server has gone away
[2025-10-08 13:34:02] ✗ Error processing email for tilakprakash90@gmail.com: MySQL server has gone away
[2025-10-08 13:34:02] ✗ Error processing email for shradhhaambulkar@gmail.com: MySQL server has gone away
[2025-10-08 13:34:02] ✗ Error processing email for kamderachna@gmail.com: MySQL server has gone away
[2025-10-08 13:34:02] ✗ Error processing email for nitup4018@gmail.com: MySQL server has gone away
[2025-10-08 13:34:02] ✗ Error processing email for vaishalisambare89@gmail.com: MySQL server has gone away
[2025-10-08 13:34:02] ✗ Error processing email for kanchanpatmase24@gmail.com: MySQL server has gone away
[2025-10-08 13:34:02] ✗ Error processing email for deeptikhawse07@gmail.com: MySQL server has gone away
[2025-10-08 13:34:02] ✗ Error processing email for vkondhekar32@gmail.com: MySQL server has gone away
[2025-10-08 13:34:02] ✗ Error processing email for poojaatkarekalash@gmail.com: MySQL server has gone away
[2025-10-08 13:34:02] ✗ Error processing email for rupalighorse668@gmail.com: MySQL server has gone away
[2025-10-08 13:34:02] ✗ Error processing email for roshnichoudhary1122r@gmail.com: MySQL server has gone away
[2025-10-08 13:34:02] ✗ Error processing email for vandanarewatkar635@gmail.com: MySQL server has gone away
[2025-10-08 13:34:02] CRON JOB ERROR: MySQL server has gone away
